04-17 17:31:54 com_github_MitjaNemec_PlaceFootprints.action_place_footprints 674:Plugin executed on: 'win32'
04-17 17:31:54 com_github_MitjaNemec_PlaceFootprints.action_place_footprints 675:Plugin executed with python version: '3.11.5 (main, Nov  6 2025, 07:48:09) [MSC v.1944 64 bit (AMD64)]'
04-17 17:31:54 com_github_MitjaNemec_PlaceFootprints.action_place_footprints 676:KiCad build version: 9.0.7
04-17 17:31:54 com_github_MitjaNemec_PlaceFootprints.action_place_footprints 677:Plugin version: 4.0.1
04-17 17:31:54 com_github_MitjaNemec_PlaceFootprints.action_place_footprints 678:Frame repr: <wx._core.Frame object at 0x000002173A55C4C0>
04-17 17:31:54 com_github_MitjaNemec_PlaceFootprints.place_footprints 121:getting a list of all footprints on board
04-17 17:31:54 com_github_MitjaNemec_PlaceFootprints.place_footprints 156:Footprint P-3 on root level
04-17 17:31:54 com_github_MitjaNemec_PlaceFootprints.place_footprints 156:Footprint U1 on root level
04-17 17:31:54 com_github_MitjaNemec_PlaceFootprints.place_footprints 156:Footprint R8 on root level
04-17 17:31:54 com_github_MitjaNemec_PlaceFootprints.place_footprints 156:Footprint R7 on root level
04-17 17:31:54 com_github_MitjaNemec_PlaceFootprints.place_footprints 156:Footprint R6 on root level
04-17 17:31:54 com_github_MitjaNemec_PlaceFootprints.place_footprints 156:Footprint R5 on root level
04-17 17:31:54 com_github_MitjaNemec_PlaceFootprints.place_footprints 156:Footprint R4 on root level
04-17 17:31:54 com_github_MitjaNemec_PlaceFootprints.place_footprints 156:Footprint R3 on root level
04-17 17:31:54 com_github_MitjaNemec_PlaceFootprints.place_footprints 156:Footprint R2 on root level
04-17 17:31:54 com_github_MitjaNemec_PlaceFootprints.place_footprints 156:Footprint R1 on root level
04-17 17:31:54 com_github_MitjaNemec_PlaceFootprints.place_footprints 156:Footprint Q2 on root level
04-17 17:31:54 com_github_MitjaNemec_PlaceFootprints.place_footprints 156:Footprint Q1 on root level
04-17 17:31:54 com_github_MitjaNemec_PlaceFootprints.place_footprints 156:Footprint P-2 on root level
04-17 17:31:54 com_github_MitjaNemec_PlaceFootprints.place_footprints 156:Footprint P-1 on root level
04-17 17:31:54 com_github_MitjaNemec_PlaceFootprints.place_footprints 156:Footprint J1 on root level
04-17 17:31:54 com_github_MitjaNemec_PlaceFootprints.place_footprints 156:Footprint D6 on root level
04-17 17:31:54 com_github_MitjaNemec_PlaceFootprints.place_footprints 156:Footprint D5 on root level
04-17 17:31:54 com_github_MitjaNemec_PlaceFootprints.place_footprints 156:Footprint D4 on root level
04-17 17:31:54 com_github_MitjaNemec_PlaceFootprints.place_footprints 156:Footprint D3 on root level
04-17 17:31:54 com_github_MitjaNemec_PlaceFootprints.place_footprints 156:Footprint D2 on root level
04-17 17:31:54 com_github_MitjaNemec_PlaceFootprints.place_footprints 156:Footprint D1 on root level
04-17 17:31:54 com_github_MitjaNemec_PlaceFootprints.place_footprints 156:Footprint BZ1 on root level
04-17 17:31:54 com_github_MitjaNemec_PlaceFootprints.place_footprints 156:Footprint Admin1 on root level
04-17 17:31:54 com_github_MitjaNemec_PlaceFootprints.action_place_footprints 717:Reference footprint='R1'
04-17 17:31:55 com_github_MitjaNemec_PlaceFootprints.action_place_footprints 858:Reference designator is: R
04-17 17:31:55 com_github_MitjaNemec_PlaceFootprints.action_place_footprints 859:Reference number is: 1
04-17 17:31:55 com_github_MitjaNemec_PlaceFootprints.action_place_footprints 891:Sorted and filtered list:
['R1', 'R2', 'R3', 'R4', 'R5', 'R6', 'R7', 'R8']
04-17 17:31:56 com_github_MitjaNemec_PlaceFootprints.action_place_footprints 376:wx.Colour(240, 240, 240, 255)
04-17 17:31:58 com_github_MitjaNemec_PlaceFootprints.action_place_footprints 507:'0'
04-17 17:31:58 com_github_MitjaNemec_PlaceFootprints.action_place_footprints 553:Preparing config for reference linear
04-17 17:31:58 com_github_MitjaNemec_PlaceFootprints.action_place_footprints 573:Saving config file
04-17 17:31:58 com_github_MitjaNemec_PlaceFootprints.action_place_footprints 575:Saved the config file
04-17 17:31:58 com_github_MitjaNemec_PlaceFootprints.action_place_footprints 929:Footprints to place:
['R1', 'R2', 'R3', 'R4', 'R5', 'R6', 'R7', 'R8']
04-17 17:31:58 com_github_MitjaNemec_PlaceFootprints.place_footprints 396:Starting placing with linear layout
04-17 17:31:58 com_github_MitjaNemec_PlaceFootprints.action_place_footprints 970:Placing complete
